<?xml version="1.0" encoding="UTF-8"?>
<!-- Generated by org.testng.reporters.JUnitXMLReporter -->
<testsuite ignored="0" hostname="DESKTOP-TKM73T0" failures="0" tests="1" name="Test-runner_2" time="0.12" errors="0" timestamp="2021-09-15T13:08:45 IST">
  <testcase classname="com.vtiger.genercutility.BasicUtility" name="@BeforeClass launchBrowser" time="-1.631691525745E9">
    <failure type="org.testng.TestNGException" message="
Parameter &amp;apos;BROWSER&amp;apos; is required by BeforeClass on method launchBrowser but has not been marked @Optional or defined
in C:\Users\USER-04\eclipse-workspace\ExcelData\DistributedParallel.xml">
      <![CDATA[org.testng.TestNGException: 
Parameter 'BROWSER' is required by BeforeClass on method launchBrowser but has not been marked @Optional or defined
in C:\Users\USER-04\eclipse-workspace\ExcelData\DistributedParallel.xml
at java.base/java.util.ArrayList.forEach(ArrayList.java:1511)
at java.base/java.util.concurrent.FutureTask.run(FutureTask.java:264)
at java.base/java.util.concurrent.ThreadPoolExecutor.runWorker(ThreadPoolExecutor.java:1130)
at java.base/java.util.concurrent.ThreadPoolExecutor$Worker.run(ThreadPoolExecutor.java:630)
at java.base/java.lang.Thread.run(Thread.java:831)
... Removed 13 stack frames]]>
    </failure>
  </testcase> <!-- @BeforeClass launchBrowser -->
  <testcase classname="com.vtiger.genercutility.BasicUtility" name="@BeforeMethod loginApplication" time="-1.631691525802E9">
    <skipped/>
  </testcase> <!-- @BeforeMethod loginApplication -->
  <testcase classname="com.vtiger.genercutility.BasicUtility" name="@AfterMethod logoutApplication" time="-1.631691525822E9">
    <skipped/>
  </testcase> <!-- @AfterMethod logoutApplication -->
  <testcase classname="com.vtiger.genercutility.BasicUtility" name="@AfterClass closeTheBrowser" time="-1.631691525833E9">
    <skipped/>
  </testcase> <!-- @AfterClass closeTheBrowser -->
  <testcase classname="com.vtiger.crm.TC_02Createneworganizationwithindustrydropdowncheck" name="createOrganisation" time="0.0">
    <skipped/>
  </testcase> <!-- createOrganisation -->
</testsuite> <!-- Test-runner_2 -->
